2026-01-25 11:19:43,309 [INFO] Activator:176 - 


2026-01-25 11:19:43,325 [INFO] Activator:177 - !SESSION log4j initialized
2026-01-25 11:19:54,672 [INFO] LogOutputStream:77 - [STDOUT_REDIRECT] 
2026-01-25 11:19:56,604 [INFO] ApplicationProperties:184 - Using Application install path: D:\Programy Potrzebne\STM32CubeIDE_Folder\STM32CubeIDE_1.19.0\STM32CubeIDE\plugins\com.st.stm32cube.common.mx_6.15.0.202507011659
2026-01-25 11:19:56,646 [INFO] DbMcusXml:78 - Set database path to: D:\Programy Potrzebne\STM32CubeIDE_Folder\STM32CubeIDE_1.19.0\STM32CubeIDE\plugins\com.st.stm32cube.common.mx_6.15.0.202507011659\\db\/mcu/
2026-01-25 11:19:56,647 [INFO] ApiDb:274 - Set plugin database path to: D:\Programy Potrzebne\STM32CubeIDE_Folder\STM32CubeIDE_1.19.0\STM32CubeIDE\plugins\com.st.stm32cube.common.mx_6.15.0.202507011659\\db\/plugins/boardmanager/
2026-01-25 11:19:56,647 [WARN] ApiDb:259 - Overriding images path with different value:  => D:\Programy Potrzebne\STM32CubeIDE_Folder\STM32CubeIDE_1.19.0\STM32CubeIDE\plugins\com.st.stm32cube.common.mx_6.15.0.202507011659\\db\/plugins/mcufinder/images/
2026-01-25 11:19:56,664 [INFO] ApiDb:250 - Set database path to: C:\Users\dryla\.stmcufinder\plugins\mcufinder//mcu/
2026-01-25 11:19:56,666 [INFO] DbMcusAds:125 - Set database path to: C:\Users\dryla\.stmcufinder\plugins\mcufinder//mcu/
2026-01-25 11:19:56,672 [INFO] CrossReferenceDbSqlite:203 - Set database path to: C:\Users\dryla\.stmcufinder\plugins\mcufinder//mcu/cs/
2026-01-25 11:19:56,926 [INFO] RulesReader:64 - Compatibility file has been processed (317 Rules)
2026-01-25 11:19:57,143 [INFO] DbMcusXml:78 - Set database path to: D:\Programy Potrzebne\STM32CubeIDE_Folder\STM32CubeIDE_1.19.0\STM32CubeIDE\plugins\com.st.stm32cube.common.mx_6.15.0.202507011659\\db\/mcu/
2026-01-25 11:19:57,143 [INFO] ApiDb:274 - Set plugin database path to: D:\Programy Potrzebne\STM32CubeIDE_Folder\STM32CubeIDE_1.19.0\STM32CubeIDE\plugins\com.st.stm32cube.common.mx_6.15.0.202507011659\\db\/plugins/boardmanager/
2026-01-25 11:19:57,144 [INFO] ApiDb:261 - Set plugin images path to: D:\Programy Potrzebne\STM32CubeIDE_Folder\STM32CubeIDE_1.19.0\STM32CubeIDE\plugins\com.st.stm32cube.common.mx_6.15.0.202507011659\\db\/plugins/mcufinder/images/
2026-01-25 11:19:57,144 [WARN] DbFile:41 - Overriding database path with different value: C:\Users\dryla\.stmcufinder\plugins\mcufinder/ => C:\Users\dryla\.stmcufinder\plugins\mcufinder
2026-01-25 11:19:57,144 [INFO] ApiDb:250 - Set database path to: C:\Users\dryla\.stmcufinder\plugins\mcufinder//mcu/
2026-01-25 11:19:57,145 [WARN] DbFile:41 - Overriding database path with different value: C:\Users\dryla\.stmcufinder\plugins\mcufinder/ => C:\Users\dryla\.stmcufinder\plugins\mcufinder
2026-01-25 11:19:57,145 [INFO] DbMcusAds:125 - Set database path to: C:\Users\dryla\.stmcufinder\plugins\mcufinder//mcu/
2026-01-25 11:19:57,145 [WARN] DbFile:41 - Overriding database path with different value: C:\Users\dryla\.stmcufinder\plugins\mcufinder/ => C:\Users\dryla\.stmcufinder\plugins\mcufinder
2026-01-25 11:19:57,145 [WARN] DbFile:41 - Overriding database path with different value: C:\Users\dryla\.stmcufinder\plugins\mcufinder/ => C:\Users\dryla\.stmcufinder\plugins\mcufinder
2026-01-25 11:19:57,145 [INFO] CrossReferenceDbSqlite:203 - Set database path to: C:\Users\dryla\.stmcufinder\plugins\mcufinder//mcu/cs/
2026-01-25 11:19:57,293 [INFO] MainPanel:274 - HeapMemory: 268435456
2026-01-25 11:19:57,546 [INFO] DbMcusXml:78 - Set database path to: D:\Programy Potrzebne\STM32CubeIDE_Folder\STM32CubeIDE_1.19.0\STM32CubeIDE\plugins\com.st.stm32cube.common.mx_6.15.0.202507011659\\db\/mcu/
2026-01-25 11:19:57,546 [INFO] ApiDb:274 - Set plugin database path to: D:\Programy Potrzebne\STM32CubeIDE_Folder\STM32CubeIDE_1.19.0\STM32CubeIDE\plugins\com.st.stm32cube.common.mx_6.15.0.202507011659\\db\/plugins/boardmanager/
2026-01-25 11:19:57,546 [INFO] ApiDb:261 - Set plugin images path to: D:\Programy Potrzebne\STM32CubeIDE_Folder\STM32CubeIDE_1.19.0\STM32CubeIDE\plugins\com.st.stm32cube.common.mx_6.15.0.202507011659\\db\/plugins/mcufinder/images/
2026-01-25 11:19:57,548 [WARN] DbFile:41 - Overriding database path with different value: C:\Users\dryla\.stmcufinder\plugins\mcufinder/ => C:\Users\dryla\.stmcufinder\plugins\mcufinder
2026-01-25 11:19:57,548 [INFO] ApiDb:250 - Set database path to: C:\Users\dryla\.stmcufinder\plugins\mcufinder//mcu/
2026-01-25 11:19:57,548 [WARN] DbFile:41 - Overriding database path with different value: C:\Users\dryla\.stmcufinder\plugins\mcufinder/ => C:\Users\dryla\.stmcufinder\plugins\mcufinder
2026-01-25 11:19:57,549 [INFO] DbMcusAds:125 - Set database path to: C:\Users\dryla\.stmcufinder\plugins\mcufinder//mcu/
2026-01-25 11:19:57,549 [WARN] DbFile:41 - Overriding database path with different value: C:\Users\dryla\.stmcufinder\plugins\mcufinder/ => C:\Users\dryla\.stmcufinder\plugins\mcufinder
2026-01-25 11:19:57,549 [WARN] DbFile:41 - Overriding database path with different value: C:\Users\dryla\.stmcufinder\plugins\mcufinder/ => C:\Users\dryla\.stmcufinder\plugins\mcufinder
2026-01-25 11:19:57,549 [INFO] CrossReferenceDbSqlite:203 - Set database path to: C:\Users\dryla\.stmcufinder\plugins\mcufinder//mcu/cs/
2026-01-25 11:19:57,586 [INFO] ApplicationProperties:184 - Using Application install path: D:\Programy Potrzebne\STM32CubeIDE_Folder\STM32CubeIDE_1.19.0\STM32CubeIDE\plugins\com.st.stm32cube.common.mx_6.15.0.202507011659
2026-01-25 11:19:57,588 [INFO] PluginManage:196 - Search for loadable plugins [exclusion list=, ]
2026-01-25 11:19:57,591 [INFO] PluginManage:310 - Check plugin analytics
2026-01-25 11:19:58,041 [INFO] AnalyticsPlugin:253 - Accepted Software Licenses: 
2026-01-25 11:19:58,041 [INFO] AnalyticsPlugin:255 - Accepted CMSIS Pack Licenses: 
2026-01-25 11:19:58,042 [INFO] AnalyticsPlugin:257 - Accepted Firmware Licenses: FW.F4.1.28.0,FW.G4.1.6.0
2026-01-25 11:19:58,054 [INFO] PluginManage:359 - Loaded plugin analytics (category:tool,tabindex:-1)
2026-01-25 11:19:58,055 [INFO] PluginManage:310 - Check plugin cadmodel
2026-01-25 11:19:58,064 [INFO] CADModel:105 - Init CAD model plugin
2026-01-25 11:19:58,064 [INFO] PluginManage:359 - Loaded plugin cadmodel (category:power,tabindex:5)
2026-01-25 11:19:58,065 [INFO] PluginManage:310 - Check plugin clock
2026-01-25 11:19:58,082 [INFO] PluginManage:359 - Loaded plugin clock (category:base,tabindex:2)
2026-01-25 11:19:58,082 [INFO] PluginManage:310 - Check plugin ddr
2026-01-25 11:19:58,087 [INFO] PluginManage:359 - Loaded plugin ddr (category:tool,tabindex:6)
2026-01-25 11:19:58,087 [INFO] PluginManage:310 - Check plugin filemanager
2026-01-25 11:19:58,361 [INFO] PluginManage:359 - Loaded plugin filemanager (category:base,tabindex:10)
2026-01-25 11:19:58,361 [INFO] PluginManage:310 - Check plugin ipmanager
2026-01-25 11:19:58,374 [INFO] PluginManage:359 - Loaded plugin ipmanager (category:base,tabindex:5)
2026-01-25 11:19:58,374 [INFO] PluginManage:310 - Check plugin lpbam
2026-01-25 11:19:58,396 [INFO] PluginManage:359 - Loaded plugin lpbam (category:base,tabindex:0)
2026-01-25 11:19:58,396 [INFO] PluginManage:310 - Check plugin memorymap
2026-01-25 11:19:58,424 [INFO] PluginManage:359 - Loaded plugin memorymap (category:base,tabindex:4)
2026-01-25 11:19:58,424 [INFO] PluginManage:310 - Check plugin pinoutandconfiguration
2026-01-25 11:19:58,448 [INFO] PluginManage:359 - Loaded plugin pinoutandconfiguration (category:base,tabindex:1)
2026-01-25 11:19:58,449 [INFO] PluginManage:310 - Check plugin pinoutconfig
2026-01-25 11:19:58,659 [WARN] SupportedApi:132 - Cannot load RTOS API schema: s4s-elt-must-match.1: The content of 'definitions' must match (annotation?, (simpleType | complexType)?, (unique | key | keyref)*)). A problem was found starting at: attribute.
2026-01-25 11:19:59,046 [INFO] PluginManage:359 - Loaded plugin pinoutconfig (category:base,tabindex:0)
2026-01-25 11:19:59,046 [INFO] PluginManage:310 - Check plugin power
2026-01-25 11:19:59,078 [INFO] PluginManage:359 - Loaded plugin power (category:power,tabindex:4)
2026-01-25 11:19:59,078 [INFO] PluginManage:310 - Check plugin projectmanager
2026-01-25 11:19:59,112 [INFO] PluginManage:359 - Loaded plugin projectmanager (category:projectmanager,tabindex:4)
2026-01-25 11:19:59,112 [INFO] PluginManage:310 - Check plugin rif
2026-01-25 11:19:59,149 [INFO] PluginManage:359 - Loaded plugin rif (category:base,tabindex:3)
2026-01-25 11:19:59,149 [INFO] PluginManage:310 - Check plugin thirdparty
2026-01-25 11:19:59,452 [WARN] IntegrityCheckThread:84 - waiting for thirdparty lock release [integrity check]
2026-01-25 11:19:59,452 [INFO] IntegrityCheckThread:86 - entering critical section [integrity check]
2026-01-25 11:19:59,453 [INFO] ThirdPartyUpdaterWithRetryManager:70 - Updater plugin not ready yet. [1/15]
2026-01-25 11:19:59,454 [INFO] PluginManage:359 - Loaded plugin thirdparty (category:base,tabindex:-1)
2026-01-25 11:19:59,454 [INFO] PluginManage:310 - Check plugin tools
2026-01-25 11:19:59,463 [INFO] PluginManage:359 - Loaded plugin tools (category:base,tabindex:7)
2026-01-25 11:19:59,463 [INFO] PluginManage:310 - Check plugin tutovideos
2026-01-25 11:19:59,909 [INFO] PluginManage:359 - Loaded plugin tutovideos (category:base,tabindex:-1)
2026-01-25 11:19:59,909 [INFO] PluginManage:310 - Check plugin updater
2026-01-25 11:19:59,947 [INFO] PluginManage:359 - Loaded plugin updater (category:base,tabindex:12)
2026-01-25 11:19:59,947 [INFO] PluginManage:310 - Check plugin userauth
2026-01-25 11:19:59,956 [INFO] UserAuth:118 - Init User Auth plugin
2026-01-25 11:19:59,958 [INFO] PluginManage:359 - Loaded plugin userauth (category:base,tabindex:14)
2026-01-25 11:19:59,958 [INFO] PluginManage:283 - PluginManage : Loaded plugins [18]
2026-01-25 11:20:00,390 [INFO] PinOutPanel:1589 - setPackage(No Configuration,No Configuration)
2026-01-25 11:20:00,536 [INFO] CADModel:165 - CPN selected for project level
2026-01-25 11:20:00,537 [INFO] CADModel:114 - Register for checkConnection events
2026-01-25 11:20:00,564 [INFO] IPUIPlugin:80 - create IPUIPlugin
2026-01-25 11:20:00,564 [INFO] PluginManager:220 - loadIPPluginJar : add adc
2026-01-25 11:20:00,569 [INFO] IPUIPlugin:80 - create IPUIPlugin
2026-01-25 11:20:00,569 [INFO] PluginManager:220 - loadIPPluginJar : add aes
2026-01-25 11:20:00,574 [INFO] IPUIPlugin:80 - create IPUIPlugin
2026-01-25 11:20:00,574 [INFO] PluginManager:220 - loadIPPluginJar : add can
2026-01-25 11:20:00,576 [INFO] IPUIPlugin:80 - create IPUIPlugin
2026-01-25 11:20:00,576 [INFO] PluginManager:220 - loadIPPluginJar : add comp
2026-01-25 11:20:00,580 [INFO] IPUIPlugin:80 - create IPUIPlugin
2026-01-25 11:20:00,580 [INFO] PluginManager:220 - loadIPPluginJar : add cryp
2026-01-25 11:20:00,586 [INFO] IPUIPlugin:80 - create IPUIPlugin
2026-01-25 11:20:00,587 [INFO] PluginManager:220 - loadIPPluginJar : add ddr_ctrl_phy
2026-01-25 11:20:00,591 [INFO] IPUIPlugin:80 - create IPUIPlugin
2026-01-25 11:20:00,591 [INFO] PluginManager:220 - loadIPPluginJar : add dfsdm
2026-01-25 11:20:00,598 [INFO] IPUIPlugin:80 - create IPUIPlugin
2026-01-25 11:20:00,599 [INFO] PluginManager:220 - loadIPPluginJar : add dma
2026-01-25 11:20:00,604 [INFO] IPUIPlugin:80 - create IPUIPlugin
2026-01-25 11:20:00,604 [INFO] PluginManager:220 - loadIPPluginJar : add dma3
2026-01-25 11:20:00,608 [INFO] IPUIPlugin:80 - create IPUIPlugin
2026-01-25 11:20:00,608 [INFO] PluginManager:220 - loadIPPluginJar : add extmemmanager
2026-01-25 11:20:00,611 [INFO] IPUIPlugin:80 - create IPUIPlugin
2026-01-25 11:20:00,611 [INFO] PluginManager:220 - loadIPPluginJar : add fatfs
2026-01-25 11:20:00,617 [INFO] IPUIPlugin:80 - create IPUIPlugin
2026-01-25 11:20:00,617 [INFO] PluginManager:220 - loadIPPluginJar : add fmc
2026-01-25 11:20:00,647 [INFO] IPUIPlugin:80 - create IPUIPlugin
2026-01-25 11:20:00,647 [INFO] PluginManager:220 - loadIPPluginJar : add freertos
2026-01-25 11:20:00,652 [INFO] IPUIPlugin:80 - create IPUIPlugin
2026-01-25 11:20:00,652 [INFO] PluginManager:220 - loadIPPluginJar : add genericplugin
2026-01-25 11:20:00,661 [INFO] IPUIPlugin:80 - create IPUIPlugin
2026-01-25 11:20:00,661 [INFO] PluginManager:220 - loadIPPluginJar : add gfxmmu
2026-01-25 11:20:00,669 [INFO] IPUIPlugin:80 - create IPUIPlugin
2026-01-25 11:20:00,669 [INFO] PluginManager:220 - loadIPPluginJar : add gic
2026-01-25 11:20:00,676 [INFO] IPUIPlugin:80 - create IPUIPlugin
2026-01-25 11:20:00,678 [INFO] PluginManager:220 - loadIPPluginJar : add gpio
2026-01-25 11:20:00,687 [INFO] IPUIPlugin:80 - create IPUIPlugin
2026-01-25 11:20:00,687 [INFO] PluginManager:220 - loadIPPluginJar : add gtzc
2026-01-25 11:20:00,696 [INFO] IPUIPlugin:80 - create IPUIPlugin
2026-01-25 11:20:00,696 [INFO] PluginManager:220 - loadIPPluginJar : add hash
2026-01-25 11:20:00,702 [INFO] IPUIPlugin:80 - create IPUIPlugin
2026-01-25 11:20:00,702 [INFO] PluginManager:220 - loadIPPluginJar : add i2c
2026-01-25 11:20:00,709 [INFO] IPUIPlugin:80 - create IPUIPlugin
2026-01-25 11:20:00,709 [INFO] PluginManager:220 - loadIPPluginJar : add i2s
2026-01-25 11:20:00,719 [INFO] IPUIPlugin:80 - create IPUIPlugin
2026-01-25 11:20:00,719 [INFO] PluginManager:220 - loadIPPluginJar : add i3c
2026-01-25 11:20:00,729 [INFO] IPUIPlugin:80 - create IPUIPlugin
2026-01-25 11:20:00,729 [INFO] PluginManager:220 - loadIPPluginJar : add ipddr
2026-01-25 11:20:00,739 [INFO] IPUIPlugin:80 - create IPUIPlugin
2026-01-25 11:20:00,739 [INFO] PluginManager:220 - loadIPPluginJar : add linkedlist
2026-01-25 11:20:00,749 [INFO] IPUIPlugin:80 - create IPUIPlugin
2026-01-25 11:20:00,749 [INFO] PluginManager:220 - loadIPPluginJar : add lorawan
2026-01-25 11:20:00,753 [INFO] IPUIPlugin:80 - create IPUIPlugin
2026-01-25 11:20:00,754 [INFO] PluginManager:220 - loadIPPluginJar : add ltdc
2026-01-25 11:20:00,764 [INFO] IPUIPlugin:80 - create IPUIPlugin
2026-01-25 11:20:00,764 [INFO] PluginManager:220 - loadIPPluginJar : add mdma
2026-01-25 11:20:00,770 [INFO] IPUIPlugin:80 - create IPUIPlugin
2026-01-25 11:20:00,770 [INFO] PluginManager:220 - loadIPPluginJar : add nvic
2026-01-25 11:20:00,774 [INFO] IPUIPlugin:80 - create IPUIPlugin
2026-01-25 11:20:00,774 [INFO] PluginManager:220 - loadIPPluginJar : add opamp
2026-01-25 11:20:00,778 [INFO] IPUIPlugin:80 - create IPUIPlugin
2026-01-25 11:20:00,779 [INFO] PluginManager:220 - loadIPPluginJar : add openamp
2026-01-25 11:20:00,785 [INFO] IPUIPlugin:80 - create IPUIPlugin
2026-01-25 11:20:00,785 [INFO] PluginManager:220 - loadIPPluginJar : add pdm2pcm
2026-01-25 11:20:00,796 [INFO] IPUIPlugin:80 - create IPUIPlugin
2026-01-25 11:20:00,807 [INFO] PluginManager:220 - loadIPPluginJar : add plateformsettings
2026-01-25 11:20:00,810 [INFO] IPUIPlugin:80 - create IPUIPlugin
2026-01-25 11:20:00,810 [INFO] PluginManager:220 - loadIPPluginJar : add quadspi
2026-01-25 11:20:00,817 [INFO] IPUIPlugin:80 - create IPUIPlugin
2026-01-25 11:20:00,819 [INFO] PluginManager:220 - loadIPPluginJar : add radio
2026-01-25 11:20:00,827 [INFO] IPUIPlugin:80 - create IPUIPlugin
2026-01-25 11:20:00,827 [INFO] PluginManager:220 - loadIPPluginJar : add resmgrutility
2026-01-25 11:20:00,844 [INFO] IPUIPlugin:80 - create IPUIPlugin
2026-01-25 11:20:00,844 [INFO] PluginManager:220 - loadIPPluginJar : add sai
2026-01-25 11:20:00,851 [INFO] IPUIPlugin:80 - create IPUIPlugin
2026-01-25 11:20:00,851 [INFO] PluginManager:220 - loadIPPluginJar : add spi
2026-01-25 11:20:00,860 [INFO] IPUIPlugin:80 - create IPUIPlugin
2026-01-25 11:20:00,860 [INFO] PluginManager:220 - loadIPPluginJar : add stm32_wpan
2026-01-25 11:20:00,868 [INFO] IPUIPlugin:80 - create IPUIPlugin
2026-01-25 11:20:00,868 [INFO] PluginManager:220 - loadIPPluginJar : add tim
2026-01-25 11:20:00,872 [INFO] IPUIPlugin:80 - create IPUIPlugin
2026-01-25 11:20:00,873 [INFO] PluginManager:220 - loadIPPluginJar : add touchsensing
2026-01-25 11:20:00,878 [INFO] IPUIPlugin:80 - create IPUIPlugin
2026-01-25 11:20:00,879 [INFO] PluginManager:220 - loadIPPluginJar : add tracer_emb
2026-01-25 11:20:00,884 [INFO] IPUIPlugin:80 - create IPUIPlugin
2026-01-25 11:20:00,884 [INFO] PluginManager:220 - loadIPPluginJar : add ts
2026-01-25 11:20:00,887 [INFO] IPUIPlugin:80 - create IPUIPlugin
2026-01-25 11:20:00,887 [INFO] PluginManager:220 - loadIPPluginJar : add tsc
2026-01-25 11:20:00,894 [INFO] IPUIPlugin:80 - create IPUIPlugin
2026-01-25 11:20:00,894 [INFO] PluginManager:220 - loadIPPluginJar : add ucpd
2026-01-25 11:20:00,901 [INFO] IPUIPlugin:80 - create IPUIPlugin
2026-01-25 11:20:00,902 [INFO] PluginManager:220 - loadIPPluginJar : add usart
2026-01-25 11:20:00,910 [INFO] IPUIPlugin:80 - create IPUIPlugin
2026-01-25 11:20:00,910 [INFO] PluginManager:220 - loadIPPluginJar : add usbx
2026-01-25 11:20:01,099 [FATAL] Updater:351 - Updater called before beeing initialized
2026-01-25 11:20:01,159 [INFO] RulesReader:64 - Compatibility file has been processed (317 Rules)
2026-01-25 11:20:01,176 [INFO] RulesReader:64 - Compatibility file has been processed (317 Rules)
2026-01-25 11:20:01,200 [INFO] CADModel:165 - CPN selected for project level
2026-01-25 11:20:01,200 [INFO] CADModel:114 - Register for checkConnection events
2026-01-25 11:20:01,200 [FATAL] Updater:351 - Updater called before beeing initialized
2026-01-25 11:20:01,202 [ERROR] CADModel:125 - Updater not yet initialized, retry later 
2026-01-25 11:20:01,586 [FATAL] Updater:351 - Updater called before beeing initialized
2026-01-25 11:20:01,591 [INFO] CADModel:165 - CPN selected for project level
2026-01-25 11:20:01,591 [INFO] CADModel:114 - Register for checkConnection events
2026-01-25 11:20:01,591 [FATAL] Updater:351 - Updater called before beeing initialized
2026-01-25 11:20:01,591 [ERROR] CADModel:125 - Updater not yet initialized, retry later 
2026-01-25 11:20:01,598 [FATAL] Updater:351 - Updater called before beeing initialized
2026-01-25 11:20:01,817 [FATAL] Updater:351 - Updater called before beeing initialized
2026-01-25 11:20:01,837 [INFO] DbMcusAds:53 - JSON generation date=Thu Jan 08 16:56:32 CET 2026 (1767887792457)
2026-01-25 11:20:01,837 [FATAL] Updater:351 - Updater called before beeing initialized
2026-01-25 11:20:01,924 [WARN] DetailPanel:346 - Failed to get advertising image, set to default
2026-01-25 11:20:02,086 [FATAL] Updater:351 - Updater called before beeing initialized
2026-01-25 11:20:02,088 [FATAL] Updater:351 - Updater called before beeing initialized
2026-01-25 11:20:02,088 [FATAL] Updater:351 - Updater called before beeing initialized
2026-01-25 11:20:02,088 [WARN] DetailPanel:346 - Failed to get advertising image, set to default
2026-01-25 11:20:02,090 [FATAL] Updater:351 - Updater called before beeing initialized
2026-01-25 11:20:02,181 [ERROR] Updater:1198 - MainUpdater not yet initialized. External WinMGr cannot be set.
2026-01-25 11:20:02,183 [INFO] Updater:1134 - Updater Version found : 6.15.0
2026-01-25 11:20:02,210 [INFO] ApplicationProperties:184 - Using Application install path: D:\Programy Potrzebne\STM32CubeIDE_Folder\STM32CubeIDE_1.19.0\STM32CubeIDE\plugins\com.st.stm32cube.common.mx_6.15.0.202507011659
2026-01-25 11:20:02,454 [INFO] ThirdPartyUpdaterWithRetryManager:70 - Updater plugin not ready yet. [2/15]
2026-01-25 11:20:03,809 [ERROR] LogOutputStream:75 - [STDERR_REDIRECT] Jan 25, 2026 11:20:03 AM java.util.prefs.WindowsPreferences <init>
2026-01-25 11:20:03,814 [ERROR] LogOutputStream:75 - [STDERR_REDIRECT] WARNING: Could not open/create prefs root node Software\JavaSoft\Prefs at root 0xffffffff80000002. Windows RegCreateKeyEx(...) returned error code 5.
2026-01-25 11:20:03,814 [ERROR] LogOutputStream:75 - [STDERR_REDIRECT] 
2026-01-25 11:20:04,515 [INFO] MainUpdater:2872 - connection check result : 10
2026-01-25 11:20:04,516 [INFO] MainUpdater:3604 - Updater definition file requires update
2026-01-25 11:20:04,519 [INFO] MainUpdater:289 - Updater Check For Update Now.
2026-01-25 11:20:04,519 [INFO] MicroXplorer:498 - Change Database Version : DB.6.0.150
2026-01-25 11:20:04,529 [INFO] McuFinderGlobals:63 - Set McuFinder mode to 2 (CubeIDE integrated)
2026-01-25 11:20:04,530 [INFO] UserAuth:171 - activating auth plugin
2026-01-25 11:20:04,535 [INFO] UserAuth:487 - Internet connection configuration mode: 1
2026-01-25 11:20:04,579 [INFO] JxBrowserEngine:152 - Initiate JxBrowser Engine with user profile folder
2026-01-25 11:20:04,679 [INFO] ServerAccessManage:452 - Complete download http(s) 200
2026-01-25 11:20:04,681 [INFO] ServerAccessManage:509 - Download File updaters.zip
2026-01-25 11:20:04,856 [INFO] FileExtend:248 - Unzip File : updaters.zip
2026-01-25 11:20:04,856 [INFO] FileExtend:263 - Standard Zip Deflate
2026-01-25 11:20:05,455 [WARN] MainUpdater:1193 - Updater busy. Cannot search thirdparties
2026-01-25 11:20:05,455 [INFO] ThirdPartyUpdaterWithRetryManager:96 - Updater plugin is busy. [1/15]
2026-01-25 11:20:05,559 [INFO] ServerAccessManage:452 - Complete download http(s) 200
2026-01-25 11:20:05,559 [INFO] ServerAccessManage:509 - Download File PacksControlFlags.xml
2026-01-25 11:20:05,711 [INFO] ServerAccessManage:452 - Complete download http(s) 200
2026-01-25 11:20:05,711 [INFO] ServerAccessManage:509 - Download File cubemx.pidx
2026-01-25 11:20:07,184 [INFO] ServerAccessManage:452 - Complete download http(s) 200
2026-01-25 11:20:07,184 [INFO] ServerAccessManage:509 - Download File STMicroelectronics.X-CUBE-NFC6.pdsc
2026-01-25 11:20:07,390 [INFO] WebApp:169 - Instantiating new browser for Auth
2026-01-25 11:20:07,915 [INFO] ServerAccessManage:452 - Complete download http(s) 200
2026-01-25 11:20:07,916 [INFO] ServerAccessManage:509 - Download File STMicroelectronics.X-CUBE-STSE01.pdsc
2026-01-25 11:20:08,456 [WARN] MainUpdater:1193 - Updater busy. Cannot search thirdparties
2026-01-25 11:20:08,456 [INFO] ThirdPartyUpdaterWithRetryManager:96 - Updater plugin is busy. [2/15]
2026-01-25 11:20:09,010 [ERROR] ServerAccessManage:1295 - Problem during Server Connection :  IO error PKIX path building failed: sun.security.provider.certpath.SunCertPathBuilderException: unable to find valid certification path to requested target
2026-01-25 11:20:09,010 [ERROR] ServerAccessManage:740 - Problem during Server Connection :  : Avnet-IOTCONNECT.X-CUBE-iotc-st67-sdk.pdsc.
2026-01-25 11:20:09,330 [INFO] CheckServerUpdateThread:120 - End of CheckServer Thread
2026-01-25 11:20:09,345 [WARN] PackLoader:240 - Cannot read IP mode file for STMicroelectronics.X-CUBE-NFC6.3.2.0
2026-01-25 11:20:09,370 [WARN] PackLoader:240 - Cannot read IP mode file for STMicroelectronics.X-CUBE-STSE01.2.0.0
2026-01-25 11:20:09,375 [INFO] PopulateThirdPartyThread:66 - Ending populate Thread
2026-01-25 11:20:09,379 [INFO] ThirdParty:1030 - CMSIS Pack Vendor :STMicroelectronics X-CUBE-STSE01 2.0.0
2026-01-25 11:20:09,379 [INFO] ThirdParty:1030 - CMSIS Pack Vendor :STMicroelectronics X-CUBE-NFC6 3.2.0
2026-01-25 11:20:09,380 [INFO] LoadServerUpdatesThread:375 - End of LoadServerUpdate Thread
2026-01-25 11:20:10,346 [INFO] WebApp:463 - Apply proxy settings
2026-01-25 11:20:10,347 [INFO] WebApp:548 - Chromium requires no authentication
2026-01-25 11:20:10,364 [INFO] WebApp:491 - Direct internet connection detected
2026-01-25 11:20:10,410 [INFO] WebApp:900 - Register for checkConnection events
2026-01-25 11:20:10,410 [INFO] WebApp:463 - Apply proxy settings
2026-01-25 11:20:10,410 [INFO] WebApp:548 - Chromium requires no authentication
2026-01-25 11:20:10,411 [INFO] WebApp:491 - Direct internet connection detected
2026-01-25 11:20:10,744 [INFO] WebApp:191 - Connection restablished
2026-01-25 11:20:10,919 [INFO] WebApp:225 - Starting web application
2026-01-25 11:20:10,919 [INFO] WebApp:593 - Web application path used D:\Programy Potrzebne\STM32CubeIDE_Folder\STM32CubeIDE_1.19.0\STM32CubeIDE\plugins\com.st.stm32cube.common.mx_6.15.0.202507011659\db\plugins\mcufinder\reactClient1\index.html
2026-01-25 11:20:11,872 [WARN] PackLoader:240 - Cannot read IP mode file for STMicroelectronics.FP-SNS-MOTENVWB1.1.4.0
2026-01-25 11:20:11,884 [WARN] PackLoader:240 - Cannot read IP mode file for STMicroelectronics.FP-ATR-ASTRA1.2.0.2
2026-01-25 11:20:11,917 [WARN] PackLoader:240 - Cannot read IP mode file for STMicroelectronics.X-CUBE-SMBUS.2.1.0
2026-01-25 11:20:11,960 [WARN] PackLoader:240 - Cannot read IP mode file for STMicroelectronics.X-CUBE-AZRTOS-F7.1.1.0
2026-01-25 11:20:11,973 [WARN] PackLoader:240 - Cannot read IP mode file for Cesanta.I-CUBE-Mongoose.7.19.0
2026-01-25 11:20:11,991 [WARN] PackLoader:240 - Cannot read IP mode file for WES.I-CUBE-Cesium.1.4.0
2026-01-25 11:20:12,033 [WARN] PackLoader:240 - Cannot read IP mode file for Infineon.AIROC-Wi-Fi-Bluetooth-STM32.1.7.1
2026-01-25 11:20:12,076 [WARN] PackLoader:240 - Cannot read IP mode file for STMicroelectronics.X-CUBE-AZRTOS-H7.3.4.0
2026-01-25 11:20:12,094 [WARN] PackLoader:240 - Cannot read IP mode file for STMicroelectronics.X-CUBE-DISPLAY.3.0.0
2026-01-25 11:20:12,111 [WARN] PackLoader:240 - Cannot read IP mode file for STMicroelectronics.X-CUBE-NFC10.1.0.0
2026-01-25 11:20:12,121 [WARN] PackLoader:240 - Cannot read IP mode file for STMicroelectronics.X-CUBE-ST60.1.1.0
2026-01-25 11:20:12,131 [WARN] PackLoader:240 - Cannot read IP mode file for emotas.I-CUBE-CANOPEN.1.3.0
2026-01-25 11:20:12,138 [WARN] PackLoader:240 - Cannot read IP mode file for STMicroelectronics.FP-SNS-SMARTAG2.1.2.0
2026-01-25 11:20:12,147 [WARN] PackLoader:240 - Cannot read IP mode file for STMicroelectronics.FP-SNS-FLIGHT1.5.1.0
2026-01-25 11:20:12,159 [INFO] LogOutputStream:77 - [STDOUT_REDIRECT] 1 : Invalid condition id : UX_CORESTACK_Condition cause : null
2026-01-25 11:20:12,161 [INFO] LogOutputStream:77 - [STDOUT_REDIRECT] 1 : Invalid condition id : UX_CORESTACK_Condition cause : null
2026-01-25 11:20:12,164 [INFO] LogOutputStream:77 - [STDOUT_REDIRECT] 1 : Invalid condition id : UX_CORESTACK_Condition cause : null
2026-01-25 11:20:12,166 [INFO] LogOutputStream:77 - [STDOUT_REDIRECT] 1 : Invalid condition id : UX_CORESTACK_Condition cause : null
2026-01-25 11:20:12,168 [INFO] LogOutputStream:77 - [STDOUT_REDIRECT] 1 : Invalid condition id : UX_CORESTACK_Condition cause : null
2026-01-25 11:20:12,173 [WARN] PackLoader:240 - Cannot read IP mode file for STMicroelectronics.X-CUBE-AZRTOS-WL.2.0.0
2026-01-25 11:20:12,201 [WARN] PackLoader:240 - Cannot read IP mode file for STMicroelectronics.X-CUBE-AZRTOS-H7RS.1.2.0
2026-01-25 11:20:12,215 [WARN] PackLoader:240 - Cannot read IP mode file for STMicroelectronics.X-CUBE-BLE2.3.3.0
2026-01-25 11:20:12,228 [WARN] PackLoader:240 - Cannot read IP mode file for STMicroelectronics.X-CUBE-NFC9.1.0.0
2026-01-25 11:20:12,238 [WARN] PackLoader:240 - Cannot read IP mode file for wolfSSL.I-CUBE-wolfSSL.5.8.2
2026-01-25 11:20:12,246 [WARN] PackLoader:240 - Cannot read IP mode file for STMicroelectronics.X-CUBE-BLE1.7.1.0
2026-01-25 11:20:12,252 [WARN] PackLoader:240 - Cannot read IP mode file for wolfSSL.I-CUBE-wolfMQTT.1.19.2
2026-01-25 11:20:12,261 [WARN] PackLoader:240 - Cannot read IP mode file for STMicroelectronics.X-CUBE-FREERTOS.1.4.0
2026-01-25 11:20:12,270 [WARN] PackLoader:240 - Cannot read IP mode file for STMicroelectronics.X-CUBE-ST67W61.1.1.0
2026-01-25 11:20:12,337 [WARN] PackLoader:240 - Cannot read IP mode file for STMicroelectronics.X-CUBE-MEMS1.12.0.0
2026-01-25 11:20:12,480 [WARN] PackLoader:240 - Cannot read IP mode file for STMicroelectronics.X-CUBE-AZRTOS-G0.1.1.0
2026-01-25 11:20:12,489 [WARN] PackLoader:240 - Cannot read IP mode file for STMicroelectronics.X-CUBE-NFC4.3.0.0
2026-01-25 11:20:12,504 [WARN] PackLoader:240 - Cannot read IP mode file for EmbeddedOffice.I-CUBE-FS-RTOS.1.0.1
2026-01-25 11:20:12,513 [WARN] PackLoader:240 - Cannot read IP mode file for STMicroelectronics.X-CUBE-WB05N.2.0.0
2026-01-25 11:20:12,519 [WARN] PackLoader:240 - Cannot read IP mode file for wolfSSL.I-CUBE-wolfTPM.3.8.0
2026-01-25 11:20:12,527 [WARN] PackLoader:240 - Cannot read IP mode file for STMicroelectronics.X-CUBE-TCPP.4.2.0
2026-01-25 11:20:12,537 [WARN] PackLoader:240 - Cannot read IP mode file for RealThread.X-CUBE-RT-Thread_Nano.4.1.1
2026-01-25 11:20:12,545 [WARN] PackLoader:240 - Cannot read IP mode file for STMicroelectronics.FP-ATR-SIGFOX1.3.2.0
2026-01-25 11:20:12,554 [WARN] PackLoader:240 - Cannot read IP mode file for ITTIA_DB.I-CUBE-ITTIADB.8.9.0
2026-01-25 11:20:12,563 [WARN] PackLoader:240 - Cannot read IP mode file for STMicroelectronics.X-CUBE-NFC6.3.2.0
2026-01-25 11:20:12,604 [WARN] PackLoader:240 - Cannot read IP mode file for SEGGER.I-CUBE-embOS.1.3.1
2026-01-25 11:20:12,694 [WARN] PackLoader:240 - Cannot read IP mode file for STMicroelectronics.X-CUBE-ALGOBUILD.1.4.0
2026-01-25 11:20:12,866 [WARN] PackLoader:240 - Cannot read IP mode file for STMicroelectronics.X-CUBE-MEMS1.11.3.0
2026-01-25 11:20:13,122 [WARN] PackLoader:240 - Cannot read IP mode file for STMicroelectronics.X-CUBE-PM33A1.1.0.0
2026-01-25 11:20:13,144 [WARN] PackLoader:240 - Cannot read IP mode file for STMicroelectronics.X-CUBE-AZRTOS-F4.1.1.0
2026-01-25 11:20:13,155 [WARN] PackLoader:240 - Cannot read IP mode file for STMicroelectronics.X-CUBE-ISPU.2.1.0
2026-01-25 11:20:13,172 [WARN] PackLoader:240 - Cannot read IP mode file for STMicroelectronics.X-CUBE-IPS.3.2.0
2026-01-25 11:20:13,190 [WARN] PackLoader:240 - Cannot read IP mode file for STMicroelectronics.X-CUBE-NFC12.1.0.0
2026-01-25 11:20:13,216 [WARN] PackLoader:240 - Cannot read IP mode file for STMicroelectronics.X-CUBE-AZRTOS-L5.2.0.0
2026-01-25 11:20:13,227 [WARN] PackLoader:240 - Cannot read IP mode file for STMicroelectronics.X-CUBE-NFC6.3.1.0
2026-01-25 11:20:13,237 [WARN] PackLoader:240 - Cannot read IP mode file for STMicroelectronics.X-CUBE-FREERTOS.1.3.1
2026-01-25 11:20:13,245 [WARN] PackLoader:240 - Cannot read IP mode file for STMicroelectronics.X-CUBE-TOUCHGFX.4.26.0
2026-01-25 11:20:13,253 [WARN] PackLoader:240 - Cannot read IP mode file for STMicroelectronics.X-CUBE-DPower.1.3.0
2026-01-25 11:20:13,287 [WARN] ConditionMgr:438 - getConditionDescription Invalid condition id : LAN8742 Phy interface Condition cause : null
2026-01-25 11:20:13,289 [WARN] PackLoader:240 - Cannot read IP mode file for STMicroelectronics.X-CUBE-AZRTOS-L4.2.0.0
2026-01-25 11:20:13,292 [WARN] ConditionMgr:1044 - genDependencies : Invalid condition id : LAN8742 Phy interface Condition cause : null
2026-01-25 11:20:13,292 [WARN] ConditionMgr:1044 - genDependencies : Invalid condition id : LAN8742 Phy interface Condition cause : null
2026-01-25 11:20:13,293 [WARN] ConditionMgr:1044 - genDependencies : Invalid condition id : LAN8742 Phy interface Condition cause : null
2026-01-25 11:20:13,308 [WARN] PackLoader:240 - Cannot read IP mode file for STMicroelectronics.X-CUBE-SFXS2LP1.4.0.0
2026-01-25 11:20:13,322 [WARN] PackLoader:240 - Cannot read IP mode file for STMicroelectronics.X-CUBE-ST67W61.1.2.0
2026-01-25 11:20:13,346 [WARN] ConditionMgr:438 - getConditionDescription Invalid condition id : UX DEVICE CLASS RTOS Condition cause : null
2026-01-25 11:20:13,346 [WARN] ConditionMgr:438 - getConditionDescription Invalid condition id : UX DEVICE CLASS RTOS Condition cause : null
2026-01-25 11:20:13,351 [WARN] PackLoader:240 - Cannot read IP mode file for STMicroelectronics.X-CUBE-AZRTOS-WB.2.0.0
2026-01-25 11:20:13,352 [WARN] ConditionMgr:1044 - genDependencies : Invalid condition id : UX DEVICE CLASS RTOS Condition cause : null
2026-01-25 11:20:13,352 [WARN] ConditionMgr:1044 - genDependencies : Invalid condition id : UX DEVICE CLASS RTOS Condition cause : null
2026-01-25 11:20:13,353 [WARN] ConditionMgr:1044 - genDependencies : Invalid condition id : UX DEVICE CLASS RTOS Condition cause : null
2026-01-25 11:20:13,354 [WARN] ConditionMgr:1044 - genDependencies : Invalid condition id : UX DEVICE CLASS RTOS Condition cause : null
2026-01-25 11:20:13,354 [WARN] ConditionMgr:1044 - genDependencies : Invalid condition id : UX DEVICE CLASS RTOS Condition cause : null
2026-01-25 11:20:13,363 [WARN] ConditionMgr:438 - getConditionDescription Invalid condition id : Cortex-A Device cause : null
2026-01-25 11:20:13,379 [WARN] ConditionMgr:1044 - genDependencies : Invalid condition id : Cortex-A Device cause : null
2026-01-25 11:20:13,380 [WARN] ConditionMgr:1044 - genDependencies : Invalid condition id : Cortex-A Device cause : null
2026-01-25 11:20:13,380 [WARN] ConditionMgr:1044 - genDependencies : Invalid condition id : Cortex-A Device cause : null
2026-01-25 11:20:13,390 [WARN] PackLoader:240 - Cannot read IP mode file for STMicroelectronics.X-CUBE-STSE01.2.0.0
2026-01-25 11:20:13,404 [WARN] PackLoader:240 - Cannot read IP mode file for STMicroelectronics.X-CUBE-SUBG2.5.0.0
2026-01-25 11:20:13,433 [WARN] PackLoader:240 - Cannot read IP mode file for STMicroelectronics.X-CUBE-AZRTOS-H7RS.1.1.0
2026-01-25 11:20:13,453 [WARN] PackLoader:240 - Cannot read IP mode file for STMicroelectronics.X-CUBE-AZRTOS-G4.2.0.0
2026-01-25 11:20:13,462 [WARN] PackLoader:240 - Cannot read IP mode file for wolfSSL.I-CUBE-wolfSSH.1.4.20
2026-01-25 11:20:13,467 [WARN] PackLoader:240 - Cannot read IP mode file for STMicroelectronics.X-CUBE-NFC7.2.0.0
2026-01-25 11:20:13,474 [WARN] PackLoader:240 - Cannot read IP mode file for STMicroelectronics.X-CUBE-ALS.1.0.2
2026-01-25 11:20:13,481 [WARN] PackLoader:240 - Cannot read IP mode file for STMicroelectronics.X-CUBE-STSE01.1.0.0
2026-01-25 11:20:13,499 [WARN] PackLoader:240 - Cannot read IP mode file for STMicroelectronics.X-CUBE-TOF1.3.4.3
2026-01-25 11:20:13,514 [INFO] ThirdParty:978 - Integrity check success = true
2026-01-25 11:20:13,514 [INFO] IntegrityCheckThread:100 - exiting critical section [integrity check]
2026-01-25 11:20:13,514 [INFO] IntegrityCheckThread:103 - End integrity checks thread
2026-01-25 11:59:35,401 [INFO] WebApp:194 - Connection lost
2026-01-25 12:01:31,622 [INFO] WebApp:191 - Connection restablished
2026-01-25 20:56:58,511 [INFO] WebApp:194 - Connection lost
2026-01-25 23:22:54,654 [INFO] WebApp:191 - Connection restablished
2026-01-25 23:22:55,133 [INFO] WebApp:194 - Connection lost
2026-01-25 23:22:55,271 [INFO] WebApp:191 - Connection restablished
2026-01-25 23:22:58,240 [INFO] WebApp:194 - Connection lost
2026-01-25 23:22:58,484 [INFO] WebApp:191 - Connection restablished
2026-01-25 23:24:10,910 [ERROR] LogOutputStream:75 - [STDERR_REDIRECT] 
2026-01-25 23:24:10,912 [ERROR] LogOutputStream:75 - [STDERR_REDIRECT] 
