2026-01-19 22:40:44,645 [INFO] Activator:176 - 


2026-01-19 22:40:44,661 [INFO] Activator:177 - !SESSION log4j initialized
2026-01-19 22:40:56,248 [INFO] LogOutputStream:77 - [STDOUT_REDIRECT] 
2026-01-19 22:40:58,049 [INFO] ApplicationProperties:184 - Using Application install path: D:\Programy Potrzebne\STM32CubeIDE_Folder\STM32CubeIDE_1.19.0\STM32CubeIDE\plugins\com.st.stm32cube.common.mx_6.15.0.202507011659
2026-01-19 22:40:58,097 [INFO] DbMcusXml:78 - Set database path to: D:\Programy Potrzebne\STM32CubeIDE_Folder\STM32CubeIDE_1.19.0\STM32CubeIDE\plugins\com.st.stm32cube.common.mx_6.15.0.202507011659\\db\/mcu/
2026-01-19 22:40:58,097 [INFO] ApiDb:274 - Set plugin database path to: D:\Programy Potrzebne\STM32CubeIDE_Folder\STM32CubeIDE_1.19.0\STM32CubeIDE\plugins\com.st.stm32cube.common.mx_6.15.0.202507011659\\db\/plugins/boardmanager/
2026-01-19 22:40:58,097 [WARN] ApiDb:259 - Overriding images path with different value:  => D:\Programy Potrzebne\STM32CubeIDE_Folder\STM32CubeIDE_1.19.0\STM32CubeIDE\plugins\com.st.stm32cube.common.mx_6.15.0.202507011659\\db\/plugins/mcufinder/images/
2026-01-19 22:40:58,113 [INFO] ApiDb:250 - Set database path to: C:\Users\dryla\.stmcufinder\plugins\mcufinder//mcu/
2026-01-19 22:40:58,113 [INFO] DbMcusAds:125 - Set database path to: C:\Users\dryla\.stmcufinder\plugins\mcufinder//mcu/
2026-01-19 22:40:58,113 [INFO] CrossReferenceDbSqlite:203 - Set database path to: C:\Users\dryla\.stmcufinder\plugins\mcufinder//mcu/cs/
2026-01-19 22:40:58,390 [INFO] RulesReader:64 - Compatibility file has been processed (317 Rules)
2026-01-19 22:40:58,588 [INFO] DbMcusXml:78 - Set database path to: D:\Programy Potrzebne\STM32CubeIDE_Folder\STM32CubeIDE_1.19.0\STM32CubeIDE\plugins\com.st.stm32cube.common.mx_6.15.0.202507011659\\db\/mcu/
2026-01-19 22:40:58,588 [INFO] ApiDb:274 - Set plugin database path to: D:\Programy Potrzebne\STM32CubeIDE_Folder\STM32CubeIDE_1.19.0\STM32CubeIDE\plugins\com.st.stm32cube.common.mx_6.15.0.202507011659\\db\/plugins/boardmanager/
2026-01-19 22:40:58,588 [INFO] ApiDb:261 - Set plugin images path to: D:\Programy Potrzebne\STM32CubeIDE_Folder\STM32CubeIDE_1.19.0\STM32CubeIDE\plugins\com.st.stm32cube.common.mx_6.15.0.202507011659\\db\/plugins/mcufinder/images/
2026-01-19 22:40:58,588 [WARN] DbFile:41 - Overriding database path with different value: C:\Users\dryla\.stmcufinder\plugins\mcufinder/ => C:\Users\dryla\.stmcufinder\plugins\mcufinder
2026-01-19 22:40:58,588 [INFO] ApiDb:250 - Set database path to: C:\Users\dryla\.stmcufinder\plugins\mcufinder//mcu/
2026-01-19 22:40:58,588 [WARN] DbFile:41 - Overriding database path with different value: C:\Users\dryla\.stmcufinder\plugins\mcufinder/ => C:\Users\dryla\.stmcufinder\plugins\mcufinder
2026-01-19 22:40:58,590 [INFO] DbMcusAds:125 - Set database path to: C:\Users\dryla\.stmcufinder\plugins\mcufinder//mcu/
2026-01-19 22:40:58,590 [WARN] DbFile:41 - Overriding database path with different value: C:\Users\dryla\.stmcufinder\plugins\mcufinder/ => C:\Users\dryla\.stmcufinder\plugins\mcufinder
2026-01-19 22:40:58,590 [WARN] DbFile:41 - Overriding database path with different value: C:\Users\dryla\.stmcufinder\plugins\mcufinder/ => C:\Users\dryla\.stmcufinder\plugins\mcufinder
2026-01-19 22:40:58,590 [INFO] CrossReferenceDbSqlite:203 - Set database path to: C:\Users\dryla\.stmcufinder\plugins\mcufinder//mcu/cs/
2026-01-19 22:40:58,748 [INFO] MainPanel:274 - HeapMemory: 268435456
2026-01-19 22:40:58,987 [INFO] DbMcusXml:78 - Set database path to: D:\Programy Potrzebne\STM32CubeIDE_Folder\STM32CubeIDE_1.19.0\STM32CubeIDE\plugins\com.st.stm32cube.common.mx_6.15.0.202507011659\\db\/mcu/
2026-01-19 22:40:58,987 [INFO] ApiDb:274 - Set plugin database path to: D:\Programy Potrzebne\STM32CubeIDE_Folder\STM32CubeIDE_1.19.0\STM32CubeIDE\plugins\com.st.stm32cube.common.mx_6.15.0.202507011659\\db\/plugins/boardmanager/
2026-01-19 22:40:58,987 [INFO] ApiDb:261 - Set plugin images path to: D:\Programy Potrzebne\STM32CubeIDE_Folder\STM32CubeIDE_1.19.0\STM32CubeIDE\plugins\com.st.stm32cube.common.mx_6.15.0.202507011659\\db\/plugins/mcufinder/images/
2026-01-19 22:40:58,987 [WARN] DbFile:41 - Overriding database path with different value: C:\Users\dryla\.stmcufinder\plugins\mcufinder/ => C:\Users\dryla\.stmcufinder\plugins\mcufinder
2026-01-19 22:40:58,989 [INFO] ApiDb:250 - Set database path to: C:\Users\dryla\.stmcufinder\plugins\mcufinder//mcu/
2026-01-19 22:40:58,989 [WARN] DbFile:41 - Overriding database path with different value: C:\Users\dryla\.stmcufinder\plugins\mcufinder/ => C:\Users\dryla\.stmcufinder\plugins\mcufinder
2026-01-19 22:40:58,989 [INFO] DbMcusAds:125 - Set database path to: C:\Users\dryla\.stmcufinder\plugins\mcufinder//mcu/
2026-01-19 22:40:58,989 [WARN] DbFile:41 - Overriding database path with different value: C:\Users\dryla\.stmcufinder\plugins\mcufinder/ => C:\Users\dryla\.stmcufinder\plugins\mcufinder
2026-01-19 22:40:58,989 [WARN] DbFile:41 - Overriding database path with different value: C:\Users\dryla\.stmcufinder\plugins\mcufinder/ => C:\Users\dryla\.stmcufinder\plugins\mcufinder
2026-01-19 22:40:58,989 [INFO] CrossReferenceDbSqlite:203 - Set database path to: C:\Users\dryla\.stmcufinder\plugins\mcufinder//mcu/cs/
2026-01-19 22:40:59,032 [INFO] ApplicationProperties:184 - Using Application install path: D:\Programy Potrzebne\STM32CubeIDE_Folder\STM32CubeIDE_1.19.0\STM32CubeIDE\plugins\com.st.stm32cube.common.mx_6.15.0.202507011659
2026-01-19 22:40:59,033 [INFO] PluginManage:196 - Search for loadable plugins [exclusion list=, ]
2026-01-19 22:40:59,033 [INFO] PluginManage:310 - Check plugin analytics
2026-01-19 22:40:59,523 [INFO] AnalyticsPlugin:253 - Accepted Software Licenses: 
2026-01-19 22:40:59,523 [INFO] AnalyticsPlugin:255 - Accepted CMSIS Pack Licenses: 
2026-01-19 22:40:59,523 [INFO] AnalyticsPlugin:257 - Accepted Firmware Licenses: FW.F4.1.28.0,FW.G4.1.6.0
2026-01-19 22:40:59,523 [INFO] PluginManage:359 - Loaded plugin analytics (category:tool,tabindex:-1)
2026-01-19 22:40:59,523 [INFO] PluginManage:310 - Check plugin cadmodel
2026-01-19 22:40:59,541 [INFO] CADModel:105 - Init CAD model plugin
2026-01-19 22:40:59,541 [INFO] PluginManage:359 - Loaded plugin cadmodel (category:power,tabindex:5)
2026-01-19 22:40:59,541 [INFO] PluginManage:310 - Check plugin clock
2026-01-19 22:40:59,571 [INFO] PluginManage:359 - Loaded plugin clock (category:base,tabindex:2)
2026-01-19 22:40:59,571 [INFO] PluginManage:310 - Check plugin ddr
2026-01-19 22:40:59,571 [INFO] PluginManage:359 - Loaded plugin ddr (category:tool,tabindex:6)
2026-01-19 22:40:59,571 [INFO] PluginManage:310 - Check plugin filemanager
2026-01-19 22:40:59,964 [INFO] PluginManage:359 - Loaded plugin filemanager (category:base,tabindex:10)
2026-01-19 22:40:59,964 [INFO] PluginManage:310 - Check plugin ipmanager
2026-01-19 22:40:59,980 [INFO] PluginManage:359 - Loaded plugin ipmanager (category:base,tabindex:5)
2026-01-19 22:40:59,980 [INFO] PluginManage:310 - Check plugin lpbam
2026-01-19 22:41:00,008 [INFO] PluginManage:359 - Loaded plugin lpbam (category:base,tabindex:0)
2026-01-19 22:41:00,008 [INFO] PluginManage:310 - Check plugin memorymap
2026-01-19 22:41:00,045 [INFO] PluginManage:359 - Loaded plugin memorymap (category:base,tabindex:4)
2026-01-19 22:41:00,045 [INFO] PluginManage:310 - Check plugin pinoutandconfiguration
2026-01-19 22:41:00,065 [INFO] PluginManage:359 - Loaded plugin pinoutandconfiguration (category:base,tabindex:1)
2026-01-19 22:41:00,067 [INFO] PluginManage:310 - Check plugin pinoutconfig
2026-01-19 22:41:00,264 [WARN] SupportedApi:132 - Cannot load RTOS API schema: s4s-elt-must-match.1: The content of 'definitions' must match (annotation?, (simpleType | complexType)?, (unique | key | keyref)*)). A problem was found starting at: attribute.
2026-01-19 22:41:00,588 [INFO] PluginManage:359 - Loaded plugin pinoutconfig (category:base,tabindex:0)
2026-01-19 22:41:00,588 [INFO] PluginManage:310 - Check plugin power
2026-01-19 22:41:00,618 [INFO] PluginManage:359 - Loaded plugin power (category:power,tabindex:4)
2026-01-19 22:41:00,618 [INFO] PluginManage:310 - Check plugin projectmanager
2026-01-19 22:41:00,655 [INFO] PluginManage:359 - Loaded plugin projectmanager (category:projectmanager,tabindex:4)
2026-01-19 22:41:00,655 [INFO] PluginManage:310 - Check plugin rif
2026-01-19 22:41:00,675 [INFO] PluginManage:359 - Loaded plugin rif (category:base,tabindex:3)
2026-01-19 22:41:00,675 [INFO] PluginManage:310 - Check plugin thirdparty
2026-01-19 22:41:00,985 [WARN] IntegrityCheckThread:84 - waiting for thirdparty lock release [integrity check]
2026-01-19 22:41:00,985 [INFO] PluginManage:359 - Loaded plugin thirdparty (category:base,tabindex:-1)
2026-01-19 22:41:00,985 [INFO] IntegrityCheckThread:86 - entering critical section [integrity check]
2026-01-19 22:41:00,986 [INFO] PluginManage:310 - Check plugin tools
2026-01-19 22:41:00,986 [INFO] ThirdPartyUpdaterWithRetryManager:70 - Updater plugin not ready yet. [1/15]
2026-01-19 22:41:00,991 [INFO] PluginManage:359 - Loaded plugin tools (category:base,tabindex:7)
2026-01-19 22:41:00,992 [INFO] PluginManage:310 - Check plugin tutovideos
2026-01-19 22:41:01,400 [INFO] PluginManage:359 - Loaded plugin tutovideos (category:base,tabindex:-1)
2026-01-19 22:41:01,400 [INFO] PluginManage:310 - Check plugin updater
2026-01-19 22:41:01,438 [INFO] PluginManage:359 - Loaded plugin updater (category:base,tabindex:12)
2026-01-19 22:41:01,439 [INFO] PluginManage:310 - Check plugin userauth
2026-01-19 22:41:01,448 [INFO] UserAuth:118 - Init User Auth plugin
2026-01-19 22:41:01,449 [INFO] PluginManage:359 - Loaded plugin userauth (category:base,tabindex:14)
2026-01-19 22:41:01,451 [INFO] PluginManage:283 - PluginManage : Loaded plugins [18]
2026-01-19 22:41:01,870 [INFO] PinOutPanel:1589 - setPackage(No Configuration,No Configuration)
2026-01-19 22:41:02,044 [INFO] CADModel:165 - CPN selected for project level
2026-01-19 22:41:02,044 [INFO] CADModel:114 - Register for checkConnection events
2026-01-19 22:41:02,077 [INFO] IPUIPlugin:80 - create IPUIPlugin
2026-01-19 22:41:02,078 [INFO] PluginManager:220 - loadIPPluginJar : add adc
2026-01-19 22:41:02,083 [INFO] IPUIPlugin:80 - create IPUIPlugin
2026-01-19 22:41:02,083 [INFO] PluginManager:220 - loadIPPluginJar : add aes
2026-01-19 22:41:02,087 [INFO] IPUIPlugin:80 - create IPUIPlugin
2026-01-19 22:41:02,087 [INFO] PluginManager:220 - loadIPPluginJar : add can
2026-01-19 22:41:02,092 [INFO] IPUIPlugin:80 - create IPUIPlugin
2026-01-19 22:41:02,092 [INFO] PluginManager:220 - loadIPPluginJar : add comp
2026-01-19 22:41:02,098 [INFO] IPUIPlugin:80 - create IPUIPlugin
2026-01-19 22:41:02,098 [INFO] PluginManager:220 - loadIPPluginJar : add cryp
2026-01-19 22:41:02,103 [INFO] IPUIPlugin:80 - create IPUIPlugin
2026-01-19 22:41:02,103 [INFO] PluginManager:220 - loadIPPluginJar : add ddr_ctrl_phy
2026-01-19 22:41:02,108 [INFO] IPUIPlugin:80 - create IPUIPlugin
2026-01-19 22:41:02,108 [INFO] PluginManager:220 - loadIPPluginJar : add dfsdm
2026-01-19 22:41:02,119 [INFO] IPUIPlugin:80 - create IPUIPlugin
2026-01-19 22:41:02,120 [INFO] PluginManager:220 - loadIPPluginJar : add dma
2026-01-19 22:41:02,125 [INFO] IPUIPlugin:80 - create IPUIPlugin
2026-01-19 22:41:02,125 [INFO] PluginManager:220 - loadIPPluginJar : add dma3
2026-01-19 22:41:02,130 [INFO] IPUIPlugin:80 - create IPUIPlugin
2026-01-19 22:41:02,131 [INFO] PluginManager:220 - loadIPPluginJar : add extmemmanager
2026-01-19 22:41:02,134 [INFO] IPUIPlugin:80 - create IPUIPlugin
2026-01-19 22:41:02,134 [INFO] PluginManager:220 - loadIPPluginJar : add fatfs
2026-01-19 22:41:02,143 [INFO] IPUIPlugin:80 - create IPUIPlugin
2026-01-19 22:41:02,143 [INFO] PluginManager:220 - loadIPPluginJar : add fmc
2026-01-19 22:41:02,167 [INFO] IPUIPlugin:80 - create IPUIPlugin
2026-01-19 22:41:02,167 [INFO] PluginManager:220 - loadIPPluginJar : add freertos
2026-01-19 22:41:02,170 [INFO] IPUIPlugin:80 - create IPUIPlugin
2026-01-19 22:41:02,170 [INFO] PluginManager:220 - loadIPPluginJar : add genericplugin
2026-01-19 22:41:02,174 [INFO] IPUIPlugin:80 - create IPUIPlugin
2026-01-19 22:41:02,175 [INFO] PluginManager:220 - loadIPPluginJar : add gfxmmu
2026-01-19 22:41:02,184 [INFO] IPUIPlugin:80 - create IPUIPlugin
2026-01-19 22:41:02,184 [INFO] PluginManager:220 - loadIPPluginJar : add gic
2026-01-19 22:41:02,190 [INFO] IPUIPlugin:80 - create IPUIPlugin
2026-01-19 22:41:02,191 [INFO] PluginManager:220 - loadIPPluginJar : add gpio
2026-01-19 22:41:02,195 [INFO] IPUIPlugin:80 - create IPUIPlugin
2026-01-19 22:41:02,196 [INFO] PluginManager:220 - loadIPPluginJar : add gtzc
2026-01-19 22:41:02,200 [INFO] IPUIPlugin:80 - create IPUIPlugin
2026-01-19 22:41:02,200 [INFO] PluginManager:220 - loadIPPluginJar : add hash
2026-01-19 22:41:02,204 [INFO] IPUIPlugin:80 - create IPUIPlugin
2026-01-19 22:41:02,204 [INFO] PluginManager:220 - loadIPPluginJar : add i2c
2026-01-19 22:41:02,212 [INFO] IPUIPlugin:80 - create IPUIPlugin
2026-01-19 22:41:02,212 [INFO] PluginManager:220 - loadIPPluginJar : add i2s
2026-01-19 22:41:02,218 [INFO] IPUIPlugin:80 - create IPUIPlugin
2026-01-19 22:41:02,218 [INFO] PluginManager:220 - loadIPPluginJar : add i3c
2026-01-19 22:41:02,223 [INFO] IPUIPlugin:80 - create IPUIPlugin
2026-01-19 22:41:02,223 [INFO] PluginManager:220 - loadIPPluginJar : add ipddr
2026-01-19 22:41:02,236 [INFO] IPUIPlugin:80 - create IPUIPlugin
2026-01-19 22:41:02,237 [INFO] PluginManager:220 - loadIPPluginJar : add linkedlist
2026-01-19 22:41:02,242 [INFO] IPUIPlugin:80 - create IPUIPlugin
2026-01-19 22:41:02,242 [INFO] PluginManager:220 - loadIPPluginJar : add lorawan
2026-01-19 22:41:02,245 [INFO] IPUIPlugin:80 - create IPUIPlugin
2026-01-19 22:41:02,246 [INFO] PluginManager:220 - loadIPPluginJar : add ltdc
2026-01-19 22:41:02,257 [INFO] IPUIPlugin:80 - create IPUIPlugin
2026-01-19 22:41:02,257 [INFO] PluginManager:220 - loadIPPluginJar : add mdma
2026-01-19 22:41:02,264 [INFO] IPUIPlugin:80 - create IPUIPlugin
2026-01-19 22:41:02,265 [INFO] PluginManager:220 - loadIPPluginJar : add nvic
2026-01-19 22:41:02,270 [INFO] IPUIPlugin:80 - create IPUIPlugin
2026-01-19 22:41:02,271 [INFO] PluginManager:220 - loadIPPluginJar : add opamp
2026-01-19 22:41:02,276 [INFO] IPUIPlugin:80 - create IPUIPlugin
2026-01-19 22:41:02,276 [INFO] PluginManager:220 - loadIPPluginJar : add openamp
2026-01-19 22:41:02,283 [INFO] IPUIPlugin:80 - create IPUIPlugin
2026-01-19 22:41:02,283 [INFO] PluginManager:220 - loadIPPluginJar : add pdm2pcm
2026-01-19 22:41:02,297 [INFO] IPUIPlugin:80 - create IPUIPlugin
2026-01-19 22:41:02,303 [INFO] PluginManager:220 - loadIPPluginJar : add plateformsettings
2026-01-19 22:41:02,306 [INFO] IPUIPlugin:80 - create IPUIPlugin
2026-01-19 22:41:02,306 [INFO] PluginManager:220 - loadIPPluginJar : add quadspi
2026-01-19 22:41:02,310 [INFO] IPUIPlugin:80 - create IPUIPlugin
2026-01-19 22:41:02,312 [INFO] PluginManager:220 - loadIPPluginJar : add radio
2026-01-19 22:41:02,319 [INFO] IPUIPlugin:80 - create IPUIPlugin
2026-01-19 22:41:02,320 [INFO] PluginManager:220 - loadIPPluginJar : add resmgrutility
2026-01-19 22:41:02,324 [INFO] IPUIPlugin:80 - create IPUIPlugin
2026-01-19 22:41:02,326 [INFO] PluginManager:220 - loadIPPluginJar : add sai
2026-01-19 22:41:02,330 [INFO] IPUIPlugin:80 - create IPUIPlugin
2026-01-19 22:41:02,330 [INFO] PluginManager:220 - loadIPPluginJar : add spi
2026-01-19 22:41:02,342 [INFO] IPUIPlugin:80 - create IPUIPlugin
2026-01-19 22:41:02,342 [INFO] PluginManager:220 - loadIPPluginJar : add stm32_wpan
2026-01-19 22:41:02,346 [INFO] IPUIPlugin:80 - create IPUIPlugin
2026-01-19 22:41:02,346 [INFO] PluginManager:220 - loadIPPluginJar : add tim
2026-01-19 22:41:02,352 [INFO] IPUIPlugin:80 - create IPUIPlugin
2026-01-19 22:41:02,352 [INFO] PluginManager:220 - loadIPPluginJar : add touchsensing
2026-01-19 22:41:02,356 [INFO] IPUIPlugin:80 - create IPUIPlugin
2026-01-19 22:41:02,357 [INFO] PluginManager:220 - loadIPPluginJar : add tracer_emb
2026-01-19 22:41:02,362 [INFO] IPUIPlugin:80 - create IPUIPlugin
2026-01-19 22:41:02,362 [INFO] PluginManager:220 - loadIPPluginJar : add ts
2026-01-19 22:41:02,367 [INFO] IPUIPlugin:80 - create IPUIPlugin
2026-01-19 22:41:02,367 [INFO] PluginManager:220 - loadIPPluginJar : add tsc
2026-01-19 22:41:02,371 [INFO] IPUIPlugin:80 - create IPUIPlugin
2026-01-19 22:41:02,372 [INFO] PluginManager:220 - loadIPPluginJar : add ucpd
2026-01-19 22:41:02,378 [INFO] IPUIPlugin:80 - create IPUIPlugin
2026-01-19 22:41:02,378 [INFO] PluginManager:220 - loadIPPluginJar : add usart
2026-01-19 22:41:02,385 [INFO] IPUIPlugin:80 - create IPUIPlugin
2026-01-19 22:41:02,385 [INFO] PluginManager:220 - loadIPPluginJar : add usbx
2026-01-19 22:41:02,604 [FATAL] Updater:351 - Updater called before beeing initialized
2026-01-19 22:41:02,672 [INFO] RulesReader:64 - Compatibility file has been processed (317 Rules)
2026-01-19 22:41:02,703 [INFO] RulesReader:64 - Compatibility file has been processed (317 Rules)
2026-01-19 22:41:02,721 [INFO] CADModel:165 - CPN selected for project level
2026-01-19 22:41:02,721 [INFO] CADModel:114 - Register for checkConnection events
2026-01-19 22:41:02,722 [FATAL] Updater:351 - Updater called before beeing initialized
2026-01-19 22:41:02,722 [ERROR] CADModel:125 - Updater not yet initialized, retry later 
2026-01-19 22:41:03,095 [FATAL] Updater:351 - Updater called before beeing initialized
2026-01-19 22:41:03,100 [INFO] CADModel:165 - CPN selected for project level
2026-01-19 22:41:03,100 [INFO] CADModel:114 - Register for checkConnection events
2026-01-19 22:41:03,100 [FATAL] Updater:351 - Updater called before beeing initialized
2026-01-19 22:41:03,101 [ERROR] CADModel:125 - Updater not yet initialized, retry later 
2026-01-19 22:41:03,108 [FATAL] Updater:351 - Updater called before beeing initialized
2026-01-19 22:41:03,348 [FATAL] Updater:351 - Updater called before beeing initialized
2026-01-19 22:41:03,358 [INFO] DbMcusAds:53 - JSON generation date=Thu Jan 08 16:56:32 CET 2026 (1767887792457)
2026-01-19 22:41:03,359 [FATAL] Updater:351 - Updater called before beeing initialized
2026-01-19 22:41:03,465 [WARN] DetailPanel:346 - Failed to get advertising image, set to default
2026-01-19 22:41:03,651 [FATAL] Updater:351 - Updater called before beeing initialized
2026-01-19 22:41:03,653 [FATAL] Updater:351 - Updater called before beeing initialized
2026-01-19 22:41:03,653 [FATAL] Updater:351 - Updater called before beeing initialized
2026-01-19 22:41:03,654 [WARN] DetailPanel:346 - Failed to get advertising image, set to default
2026-01-19 22:41:03,655 [FATAL] Updater:351 - Updater called before beeing initialized
2026-01-19 22:41:03,755 [ERROR] Updater:1198 - MainUpdater not yet initialized. External WinMGr cannot be set.
2026-01-19 22:41:03,758 [INFO] Updater:1134 - Updater Version found : 6.15.0
2026-01-19 22:41:03,783 [INFO] ApplicationProperties:184 - Using Application install path: D:\Programy Potrzebne\STM32CubeIDE_Folder\STM32CubeIDE_1.19.0\STM32CubeIDE\plugins\com.st.stm32cube.common.mx_6.15.0.202507011659
2026-01-19 22:41:03,999 [INFO] ThirdPartyUpdaterWithRetryManager:70 - Updater plugin not ready yet. [2/15]
2026-01-19 22:41:05,402 [ERROR] LogOutputStream:75 - [STDERR_REDIRECT] Jan 19, 2026 10:41:05 PM java.util.prefs.WindowsPreferences <init>
2026-01-19 22:41:05,406 [ERROR] LogOutputStream:75 - [STDERR_REDIRECT] WARNING: Could not open/create prefs root node Software\JavaSoft\Prefs at root 0xffffffff80000002. Windows RegCreateKeyEx(...) returned error code 5.
2026-01-19 22:41:05,406 [ERROR] LogOutputStream:75 - [STDERR_REDIRECT] 
2026-01-19 22:41:06,080 [INFO] MainUpdater:2872 - connection check result : 10
2026-01-19 22:41:06,081 [INFO] MainUpdater:3604 - Updater definition file requires update
2026-01-19 22:41:06,083 [INFO] MainUpdater:289 - Updater Check For Update Now.
2026-01-19 22:41:06,083 [INFO] MicroXplorer:498 - Change Database Version : DB.6.0.150
2026-01-19 22:41:06,095 [INFO] McuFinderGlobals:63 - Set McuFinder mode to 2 (CubeIDE integrated)
2026-01-19 22:41:06,096 [INFO] UserAuth:171 - activating auth plugin
2026-01-19 22:41:06,101 [INFO] UserAuth:487 - Internet connection configuration mode: 1
2026-01-19 22:41:06,139 [INFO] JxBrowserEngine:152 - Initiate JxBrowser Engine with user profile folder
2026-01-19 22:41:06,173 [INFO] ServerAccessManage:452 - Complete download http(s) 200
2026-01-19 22:41:06,174 [INFO] ServerAccessManage:509 - Download File updaters.zip
2026-01-19 22:41:06,368 [INFO] FileExtend:248 - Unzip File : updaters.zip
2026-01-19 22:41:06,370 [INFO] FileExtend:263 - Standard Zip Deflate
2026-01-19 22:41:07,010 [WARN] MainUpdater:1193 - Updater busy. Cannot search thirdparties
2026-01-19 22:41:07,011 [INFO] ThirdPartyUpdaterWithRetryManager:96 - Updater plugin is busy. [1/15]
2026-01-19 22:41:07,066 [INFO] ServerAccessManage:452 - Complete download http(s) 200
2026-01-19 22:41:07,066 [INFO] ServerAccessManage:509 - Download File PacksControlFlags.xml
2026-01-19 22:41:07,345 [INFO] ServerAccessManage:452 - Complete download http(s) 200
2026-01-19 22:41:07,345 [INFO] ServerAccessManage:509 - Download File cubemx.pidx
2026-01-19 22:41:07,607 [INFO] LoadServerUpdatesThread:375 - End of LoadServerUpdate Thread
2026-01-19 22:41:07,995 [INFO] CheckServerUpdateThread:120 - End of CheckServer Thread
2026-01-19 22:41:08,313 [INFO] WebApp:169 - Instantiating new browser for Auth
2026-01-19 22:41:09,848 [INFO] WebApp:463 - Apply proxy settings
2026-01-19 22:41:09,849 [INFO] WebApp:548 - Chromium requires no authentication
2026-01-19 22:41:09,871 [INFO] WebApp:491 - Direct internet connection detected
2026-01-19 22:41:09,917 [INFO] WebApp:900 - Register for checkConnection events
2026-01-19 22:41:09,918 [INFO] WebApp:463 - Apply proxy settings
2026-01-19 22:41:09,918 [INFO] WebApp:548 - Chromium requires no authentication
2026-01-19 22:41:09,918 [INFO] WebApp:491 - Direct internet connection detected
2026-01-19 22:41:10,228 [INFO] WebApp:191 - Connection restablished
2026-01-19 22:41:10,581 [INFO] WebApp:225 - Starting web application
2026-01-19 22:41:10,582 [INFO] WebApp:593 - Web application path used D:\Programy Potrzebne\STM32CubeIDE_Folder\STM32CubeIDE_1.19.0\STM32CubeIDE\plugins\com.st.stm32cube.common.mx_6.15.0.202507011659\db\plugins\mcufinder\reactClient1\index.html
2026-01-19 22:41:10,863 [WARN] PackLoader:240 - Cannot read IP mode file for STMicroelectronics.FP-SNS-MOTENVWB1.1.4.0
2026-01-19 22:41:10,888 [WARN] PackLoader:240 - Cannot read IP mode file for STMicroelectronics.FP-ATR-ASTRA1.2.0.2
2026-01-19 22:41:10,914 [WARN] PackLoader:240 - Cannot read IP mode file for STMicroelectronics.X-CUBE-SMBUS.2.1.0
2026-01-19 22:41:11,029 [WARN] PackLoader:240 - Cannot read IP mode file for STMicroelectronics.X-CUBE-AZRTOS-F7.1.1.0
2026-01-19 22:41:11,171 [WARN] PackLoader:240 - Cannot read IP mode file for Cesanta.I-CUBE-Mongoose.7.19.0
2026-01-19 22:41:11,225 [WARN] PackLoader:240 - Cannot read IP mode file for WES.I-CUBE-Cesium.1.4.0
2026-01-19 22:41:11,319 [WARN] PackLoader:240 - Cannot read IP mode file for Infineon.AIROC-Wi-Fi-Bluetooth-STM32.1.7.1
2026-01-19 22:41:11,393 [WARN] PackLoader:240 - Cannot read IP mode file for STMicroelectronics.X-CUBE-AZRTOS-H7.3.4.0
2026-01-19 22:41:11,421 [WARN] PackLoader:240 - Cannot read IP mode file for STMicroelectronics.X-CUBE-DISPLAY.3.0.0
2026-01-19 22:41:11,456 [WARN] PackLoader:240 - Cannot read IP mode file for STMicroelectronics.X-CUBE-NFC10.1.0.0
2026-01-19 22:41:11,473 [WARN] PackLoader:240 - Cannot read IP mode file for STMicroelectronics.X-CUBE-ST60.1.1.0
2026-01-19 22:41:11,492 [WARN] PackLoader:240 - Cannot read IP mode file for emotas.I-CUBE-CANOPEN.1.3.0
2026-01-19 22:41:11,504 [WARN] PackLoader:240 - Cannot read IP mode file for STMicroelectronics.FP-SNS-SMARTAG2.1.2.0
2026-01-19 22:41:11,517 [WARN] PackLoader:240 - Cannot read IP mode file for STMicroelectronics.FP-SNS-FLIGHT1.5.1.0
2026-01-19 22:41:11,538 [INFO] LogOutputStream:77 - [STDOUT_REDIRECT] 1 : Invalid condition id : UX_CORESTACK_Condition cause : null
2026-01-19 22:41:11,539 [INFO] LogOutputStream:77 - [STDOUT_REDIRECT] 1 : Invalid condition id : UX_CORESTACK_Condition cause : null
2026-01-19 22:41:11,544 [INFO] LogOutputStream:77 - [STDOUT_REDIRECT] 1 : Invalid condition id : UX_CORESTACK_Condition cause : null
2026-01-19 22:41:11,551 [INFO] LogOutputStream:77 - [STDOUT_REDIRECT] 1 : Invalid condition id : UX_CORESTACK_Condition cause : null
2026-01-19 22:41:11,555 [INFO] LogOutputStream:77 - [STDOUT_REDIRECT] 1 : Invalid condition id : UX_CORESTACK_Condition cause : null
2026-01-19 22:41:11,581 [WARN] PackLoader:240 - Cannot read IP mode file for STMicroelectronics.X-CUBE-AZRTOS-WL.2.0.0
2026-01-19 22:41:11,655 [WARN] PackLoader:240 - Cannot read IP mode file for STMicroelectronics.X-CUBE-AZRTOS-H7RS.1.2.0
2026-01-19 22:41:11,687 [WARN] PackLoader:240 - Cannot read IP mode file for STMicroelectronics.X-CUBE-BLE2.3.3.0
2026-01-19 22:41:11,706 [WARN] PackLoader:240 - Cannot read IP mode file for STMicroelectronics.X-CUBE-NFC9.1.0.0
2026-01-19 22:41:11,724 [WARN] PackLoader:240 - Cannot read IP mode file for wolfSSL.I-CUBE-wolfSSL.5.8.2
2026-01-19 22:41:11,739 [WARN] PackLoader:240 - Cannot read IP mode file for STMicroelectronics.X-CUBE-BLE1.7.1.0
2026-01-19 22:41:11,750 [WARN] PackLoader:240 - Cannot read IP mode file for wolfSSL.I-CUBE-wolfMQTT.1.19.2
2026-01-19 22:41:11,765 [WARN] PackLoader:240 - Cannot read IP mode file for STMicroelectronics.X-CUBE-FREERTOS.1.4.0
2026-01-19 22:41:11,781 [WARN] PackLoader:240 - Cannot read IP mode file for STMicroelectronics.X-CUBE-ST67W61.1.1.0
2026-01-19 22:41:11,932 [WARN] PackLoader:240 - Cannot read IP mode file for STMicroelectronics.X-CUBE-MEMS1.12.0.0
2026-01-19 22:41:12,203 [WARN] PackLoader:240 - Cannot read IP mode file for STMicroelectronics.X-CUBE-AZRTOS-G0.1.1.0
2026-01-19 22:41:12,218 [WARN] PackLoader:240 - Cannot read IP mode file for STMicroelectronics.X-CUBE-NFC4.3.0.0
2026-01-19 22:41:12,239 [WARN] PackLoader:240 - Cannot read IP mode file for EmbeddedOffice.I-CUBE-FS-RTOS.1.0.1
2026-01-19 22:41:12,254 [WARN] PackLoader:240 - Cannot read IP mode file for STMicroelectronics.X-CUBE-WB05N.2.0.0
2026-01-19 22:41:12,334 [WARN] PackLoader:240 - Cannot read IP mode file for wolfSSL.I-CUBE-wolfTPM.3.8.0
2026-01-19 22:41:12,352 [WARN] PackLoader:240 - Cannot read IP mode file for STMicroelectronics.X-CUBE-TCPP.4.2.0
2026-01-19 22:41:12,369 [WARN] PackLoader:240 - Cannot read IP mode file for RealThread.X-CUBE-RT-Thread_Nano.4.1.1
2026-01-19 22:41:12,377 [WARN] PackLoader:240 - Cannot read IP mode file for STMicroelectronics.FP-ATR-SIGFOX1.3.2.0
2026-01-19 22:41:12,391 [WARN] PackLoader:240 - Cannot read IP mode file for ITTIA_DB.I-CUBE-ITTIADB.8.9.0
2026-01-19 22:41:12,454 [WARN] PackLoader:240 - Cannot read IP mode file for SEGGER.I-CUBE-embOS.1.3.1
2026-01-19 22:41:12,549 [WARN] PackLoader:240 - Cannot read IP mode file for STMicroelectronics.X-CUBE-ALGOBUILD.1.4.0
2026-01-19 22:41:12,645 [WARN] PackLoader:240 - Cannot read IP mode file for STMicroelectronics.X-CUBE-MEMS1.11.3.0
2026-01-19 22:41:12,844 [WARN] PackLoader:240 - Cannot read IP mode file for STMicroelectronics.X-CUBE-PM33A1.1.0.0
2026-01-19 22:41:12,887 [WARN] PackLoader:240 - Cannot read IP mode file for STMicroelectronics.X-CUBE-AZRTOS-F4.1.1.0
2026-01-19 22:41:12,900 [WARN] PackLoader:240 - Cannot read IP mode file for STMicroelectronics.X-CUBE-ISPU.2.1.0
2026-01-19 22:41:12,928 [WARN] PackLoader:240 - Cannot read IP mode file for STMicroelectronics.X-CUBE-IPS.3.2.0
2026-01-19 22:41:12,948 [WARN] PackLoader:240 - Cannot read IP mode file for STMicroelectronics.X-CUBE-NFC12.1.0.0
2026-01-19 22:41:12,979 [WARN] PackLoader:240 - Cannot read IP mode file for STMicroelectronics.X-CUBE-AZRTOS-L5.2.0.0
2026-01-19 22:41:12,994 [WARN] PackLoader:240 - Cannot read IP mode file for STMicroelectronics.X-CUBE-NFC6.3.1.0
2026-01-19 22:41:13,005 [WARN] PackLoader:240 - Cannot read IP mode file for STMicroelectronics.X-CUBE-FREERTOS.1.3.1
2026-01-19 22:41:13,013 [WARN] PackLoader:240 - Cannot read IP mode file for STMicroelectronics.X-CUBE-TOUCHGFX.4.26.0
2026-01-19 22:41:13,023 [WARN] PackLoader:240 - Cannot read IP mode file for STMicroelectronics.X-CUBE-DPower.1.3.0
2026-01-19 22:41:13,054 [WARN] ConditionMgr:438 - getConditionDescription Invalid condition id : LAN8742 Phy interface Condition cause : null
2026-01-19 22:41:13,055 [WARN] PackLoader:240 - Cannot read IP mode file for STMicroelectronics.X-CUBE-AZRTOS-L4.2.0.0
2026-01-19 22:41:13,058 [WARN] ConditionMgr:1044 - genDependencies : Invalid condition id : LAN8742 Phy interface Condition cause : null
2026-01-19 22:41:13,058 [WARN] ConditionMgr:1044 - genDependencies : Invalid condition id : LAN8742 Phy interface Condition cause : null
2026-01-19 22:41:13,058 [WARN] ConditionMgr:1044 - genDependencies : Invalid condition id : LAN8742 Phy interface Condition cause : null
2026-01-19 22:41:13,071 [WARN] PackLoader:240 - Cannot read IP mode file for STMicroelectronics.X-CUBE-SFXS2LP1.4.0.0
2026-01-19 22:41:13,080 [WARN] PackLoader:240 - Cannot read IP mode file for STMicroelectronics.X-CUBE-ST67W61.1.2.0
2026-01-19 22:41:13,102 [WARN] ConditionMgr:438 - getConditionDescription Invalid condition id : UX DEVICE CLASS RTOS Condition cause : null
2026-01-19 22:41:13,103 [WARN] ConditionMgr:438 - getConditionDescription Invalid condition id : UX DEVICE CLASS RTOS Condition cause : null
2026-01-19 22:41:13,107 [WARN] PackLoader:240 - Cannot read IP mode file for STMicroelectronics.X-CUBE-AZRTOS-WB.2.0.0
2026-01-19 22:41:13,108 [WARN] ConditionMgr:1044 - genDependencies : Invalid condition id : UX DEVICE CLASS RTOS Condition cause : null
2026-01-19 22:41:13,108 [WARN] ConditionMgr:1044 - genDependencies : Invalid condition id : UX DEVICE CLASS RTOS Condition cause : null
2026-01-19 22:41:13,109 [WARN] ConditionMgr:1044 - genDependencies : Invalid condition id : UX DEVICE CLASS RTOS Condition cause : null
2026-01-19 22:41:13,109 [WARN] ConditionMgr:1044 - genDependencies : Invalid condition id : UX DEVICE CLASS RTOS Condition cause : null
2026-01-19 22:41:13,109 [WARN] ConditionMgr:1044 - genDependencies : Invalid condition id : UX DEVICE CLASS RTOS Condition cause : null
2026-01-19 22:41:13,118 [WARN] ConditionMgr:438 - getConditionDescription Invalid condition id : Cortex-A Device cause : null
2026-01-19 22:41:13,138 [WARN] ConditionMgr:1044 - genDependencies : Invalid condition id : Cortex-A Device cause : null
2026-01-19 22:41:13,138 [WARN] ConditionMgr:1044 - genDependencies : Invalid condition id : Cortex-A Device cause : null
2026-01-19 22:41:13,139 [WARN] ConditionMgr:1044 - genDependencies : Invalid condition id : Cortex-A Device cause : null
2026-01-19 22:41:13,159 [WARN] PackLoader:240 - Cannot read IP mode file for STMicroelectronics.X-CUBE-SUBG2.5.0.0
2026-01-19 22:41:13,197 [WARN] PackLoader:240 - Cannot read IP mode file for STMicroelectronics.X-CUBE-AZRTOS-H7RS.1.1.0
2026-01-19 22:41:13,257 [WARN] PackLoader:240 - Cannot read IP mode file for STMicroelectronics.X-CUBE-AZRTOS-G4.2.0.0
2026-01-19 22:41:13,285 [WARN] PackLoader:240 - Cannot read IP mode file for wolfSSL.I-CUBE-wolfSSH.1.4.20
2026-01-19 22:41:13,296 [WARN] PackLoader:240 - Cannot read IP mode file for STMicroelectronics.X-CUBE-NFC7.2.0.0
2026-01-19 22:41:13,308 [WARN] PackLoader:240 - Cannot read IP mode file for STMicroelectronics.X-CUBE-ALS.1.0.2
2026-01-19 22:41:13,323 [WARN] PackLoader:240 - Cannot read IP mode file for STMicroelectronics.X-CUBE-STSE01.1.0.0
2026-01-19 22:41:13,347 [WARN] PackLoader:240 - Cannot read IP mode file for STMicroelectronics.X-CUBE-TOF1.3.4.3
2026-01-19 22:41:13,379 [INFO] ThirdParty:978 - Integrity check success = true
2026-01-19 22:41:13,379 [INFO] IntegrityCheckThread:100 - exiting critical section [integrity check]
2026-01-19 22:41:13,379 [INFO] IntegrityCheckThread:103 - End integrity checks thread
2026-01-19 22:53:06,193 [ERROR] LogOutputStream:75 - [STDERR_REDIRECT] 
